##################################################
Recording Time 25-01-22 05:43:40
##################################################
{
    "dataset": {
        "a2id": null,
        "amax_words": 38,
        "batch_size": 64,
        "causal_feature_path": "data/nextgqa/causal_feature",
        "csv_path": "data/nextgqa",
        "feat_type": "CLIPL",
        "features_path": "data/nextqa/video_feature/CLIP_L",
        "max_feats": 32,
        "mc": 5,
        "name": "nextgqa",
        "num_thread_reader": 4,
        "qmax_words": 30,
        "vocab_path": null
    },
    "misc": {
        "cuda": "0",
        "info": "CRA",
        "running_name": "CRA/NextGQA/CRA",
        "seed": 2024
    },
    "model": {
        "align_loss": 0.5,
        "baseline": "refine",
        "d_ff": 768,
        "d_model": 768,
        "do": true,
        "dropout": 0.3,
        "feature_dim": 768,
        "gamma": 1,
        "lamb": 0.15,
        "lan": "RoBERTa",
        "n_negs": 1,
        "name": "CRA",
        "nce_loss": 0,
        "num_heads": 8,
        "num_layers": 2,
        "prop_num": 1,
        "recon_loss": null,
        "sigma": 9,
        "time_penalty": null,
        "vg_loss": 1,
        "vocab_size": 50265,
        "vote": 0,
        "window_sizes": [
            1,
            3,
            5
        ],
        "word_dim": 768
    },
    "optim": {
        "amsgrad": true,
        "clip": 12,
        "epochs": 30,
        "loss": {
            "align": {
                "g": 0.5
            },
            "ce": {
                "vq": 1,
                "vqa": 1
            }
        },1 
        "lr": 1e-05,
        "lr_scheduler": "warmup",
        "optimizer": "Adam",
        "pipeline": "emcl",
        "save_period": 1,
        "step_size": 1,
        "weight_decay": 0
    },
    "stat": {
        "monitor": {
            "display_port": 8099,
            "early_stop": 30,
            "metric": "acc",
            "mode": "max",
            "vis": false
        },
        "record_dir": "./output",
        "resume": null
    }
}
#################### Epoch 1/30 ... ####################

+------------+-------------------+-------------------+----------------+-----------------+----------------+
|   mean acc |   mean total_loss |   mean align_loss |   mean vq_loss |   mean vqa_loss |   mean ag_loss |
+============+===================+===================+================+=================+================+
|     0.3433 |            6.3328 |                 0 |         1.4365 |          1.4872 |         6.8181 |
+------------+-------------------+-------------------+----------------+-----------------+----------------+
Val Set	 mean acc: 46.66%
================ val_pre-hoc ================
Acc&GQA  FR  mIoP  TIoP@0.3  TIoP@0.5  mIoU  TIoU@0.3  TIoU@0.5  
11.4 	 24.5 	 24.6 	 30.3 	 23.5 	 13.5 	 19.2 	 9.4 	 
================ val_post-hoc ==================
Acc&GQA  FR  mIoP  TIoP@0.3  TIoP@0.5  mIoU  TIoU@0.3  TIoU@0.5  
12.2 	 26.2 	 25.1 	 26.5 	 25.2 	 3.2 	 3.4 	 1.2 	 
================== val_merge ===================
Acc&GQA  FR  mIoP  TIoP@0.3  TIoP@0.5  mIoU  TIoU@0.3  TIoU@0.5  
12.3 	 26.3 	 25.1 	 26.4 	 25.3 	 3.1 	 3.4 	 1.1 	 
Test Set	 mean acc: 45.58%
============== test_pre-hoc ================
Acc&GQA  FR  mIoP  TIoP@0.3  TIoP@0.5  mIoU  TIoU@0.3  TIoU@0.5  
10.4 	 22.8 	 23.6 	 29.9 	 22.5 	 13.2 	 19.4 	 8.8 	 
================ test_post-hoc ================
Acc&GQA  FR  mIoP  TIoP@0.3  TIoP@0.5  mIoU  TIoU@0.3  TIoU@0.5  
11.4 	 25.0 	 24.1 	 25.4 	 24.3 	 3.5 	 4.0 	 1.4 	 
================= test_merge ==================
Acc&GQA  FR  mIoP  TIoP@0.3  TIoP@0.5  mIoU  TIoU@0.3  TIoU@0.5  
11.4 	 25.0 	 24.1 	 25.4 	 24.3 	 3.5 	 4.0 	 1.3 	 
#################### Epoch 2/30 ... ####################

+------------+-------------------+-------------------+----------------+-----------------+----------------+
|   mean acc |   mean total_loss |   mean align_loss |   mean vq_loss |   mean vqa_loss |   mean ag_loss |
+============+===================+===================+================+=================+================+
|     0.5915 |            4.2497 |                 0 |         1.2059 |          1.2566 |         5.6575 |
+------------+-------------------+-------------------+----------------+-----------------+----------------+
Val Set	 mean acc: 54.65%
================ val_pre-hoc ================
Acc&GQA  FR  mIoP  TIoP@0.3  TIoP@0.5  mIoU  TIoU@0.3  TIoU@0.5  
12.1 	 22.1 	 21.9 	 27.4 	 21.4 	 13.4 	 19.7 	 10.1 	 
================ val_post-hoc ==================
Acc&GQA  FR  mIoP  TIoP@0.3  TIoP@0.5  mIoU  TIoU@0.3  TIoU@0.5  
12.9 	 23.6 	 23.6 	 28.0 	 23.1 	 11.5 	 17.2 	 8.3 	 
================== val_merge ===================
Acc&GQA  FR  mIoP  TIoP@0.3  TIoP@0.5  mIoU  TIoU@0.3  TIoU@0.5  
12.8 	 23.5 	 23.5 	 27.3 	 23.0 	 10.5 	 15.6 	 7.2 	 
Test Set	 mean acc: 54.57%
============== test_pre-hoc ================
Acc&GQA  FR  mIoP  TIoP@0.3  TIoP@0.5  mIoU  TIoU@0.3  TIoU@0.5  
12.0 	 22.0 	 21.8 	 27.4 	 21.0 	 13.4 	 19.6 	 10.4 	 
================ test_post-hoc ================
Acc&GQA  FR  mIoP  TIoP@0.3  TIoP@0.5  mIoU  TIoU@0.3  TIoU@0.5  
13.1 	 23.9 	 23.4 	 28.2 	 23.2 	 11.5 	 17.1 	 8.3 	 
================= test_merge ==================
Acc&GQA  FR  mIoP  TIoP@0.3  TIoP@0.5  mIoU  TIoU@0.3  TIoU@0.5  
13.1 	 24.0 	 23.3 	 27.3 	 23.2 	 10.4 	 15.3 	 7.3 	 
#################### Epoch 3/30 ... ####################

+------------+-------------------+-------------------+----------------+-----------------+----------------+
|   mean acc |   mean total_loss |   mean align_loss |   mean vq_loss |   mean vqa_loss |   mean ag_loss |
+============+===================+===================+================+=================+================+
|     0.6711 |            3.2928 |                 0 |         1.0852 |          1.1177 |         4.8445 |
+------------+-------------------+-------------------+----------------+-----------------+----------------+
Val Set	 mean acc: 57.42%
================ val_pre-hoc ================
Acc&GQA  FR  mIoP  TIoP@0.3  TIoP@0.5  mIoU  TIoU@0.3  TIoU@0.5  
13.6 	 23.7 	 22.5 	 29.0 	 21.9 	 13.8 	 20.2 	 10.4 	 
================ val_post-hoc ==================
Acc&GQA  FR  mIoP  TIoP@0.3  TIoP@0.5  mIoU  TIoU@0.3  TIoU@0.5  
14.7 	 25.6 	 24.6 	 29.9 	 24.2 	 11.4 	 16.7 	 7.5 	 
================== val_merge ===================
Acc&GQA  FR  mIoP  TIoP@0.3  TIoP@0.5  mIoU  TIoU@0.3  TIoU@0.5  
14.9 	 25.9 	 24.6 	 29.5 	 24.4 	 10.4 	 14.9 	 6.7 	 
Test Set	 mean acc: 57.39%
============== test_pre-hoc ================
Acc&GQA  FR  mIoP  TIoP@0.3  TIoP@0.5  mIoU  TIoU@0.3  TIoU@0.5  
13.8 	 24.1 	 23.5 	 30.1 	 23.3 	 14.4 	 21.4 	 11.2 	 
================ test_post-hoc ================
Acc&GQA  FR  mIoP  TIoP@0.3  TIoP@0.5  mIoU  TIoU@0.3  TIoU@0.5  
15.1 	 26.4 	 25.6 	 30.5 	 25.7 	 12.0 	 18.3 	 8.4 	 
================= test_merge ==================
Acc&GQA  FR  mIoP  TIoP@0.3  TIoP@0.5  mIoU  TIoU@0.3  TIoU@0.5  
15.2 	 26.5 	 25.7 	 29.9 	 25.9 	 10.9 	 16.3 	 7.0 	 
#################### Epoch 4/30 ... ####################

+------------+-------------------+-------------------+----------------+-----------------+----------------+
|   mean acc |   mean total_loss |   mean align_loss |   mean vq_loss |   mean vqa_loss |   mean ag_loss |
+============+===================+===================+================+=================+================+
|     0.7076 |            2.9188 |                 0 |         1.0072 |          1.0245 |         4.3336 |
+------------+-------------------+-------------------+----------------+-----------------+----------------+
Val Set	 mean acc: 58.16%
================ val_pre-hoc ================
Acc&GQA  FR  mIoP  TIoP@0.3  TIoP@0.5  mIoU  TIoU@0.3  TIoU@0.5  
14.1 	 24.2 	 23.1 	 29.5 	 22.5 	 14.0 	 20.4 	 10.5 	 
================ val_post-hoc ==================
Acc&GQA  FR  mIoP  TIoP@0.3  TIoP@0.5  mIoU  TIoU@0.3  TIoU@0.5  
15.6 	 26.8 	 25.1 	 30.0 	 25.0 	 11.3 	 16.6 	 7.6 	 
================== val_merge ===================
Acc&GQA  FR  mIoP  TIoP@0.3  TIoP@0.5  mIoU  TIoU@0.3  TIoU@0.5  
15.8 	 27.2 	 25.2 	 29.6 	 25.5 	 10.4 	 14.9 	 6.7 	 
Test Set	 mean acc: 58.63%
============== test_pre-hoc ================
Acc&GQA  FR  mIoP  TIoP@0.3  TIoP@0.5  mIoU  TIoU@0.3  TIoU@0.5  
14.2 	 24.3 	 24.0 	 30.6 	 23.4 	 14.5 	 21.6 	 10.9 	 
================ test_post-hoc ================
Acc&GQA  FR  mIoP  TIoP@0.3  TIoP@0.5  mIoU  TIoU@0.3  TIoU@0.5  
15.4 	 26.3 	 26.1 	 30.5 	 25.8 	 11.9 	 17.8 	 8.2 	 
================= test_merge ==================
Acc&GQA  FR  mIoP  TIoP@0.3  TIoP@0.5  mIoU  TIoU@0.3  TIoU@0.5  
15.5 	 26.5 	 26.0 	 30.0 	 26.1 	 10.7 	 15.5 	 7.0 	 
#################### Epoch 5/30 ... ####################

+------------+-------------------+-------------------+----------------+-----------------+----------------+
|   mean acc |   mean total_loss |   mean align_loss |   mean vq_loss |   mean vqa_loss |   mean ag_loss |
+============+===================+===================+================+=================+================+
|      0.735 |            2.6977 |                 0 |         0.9565 |           0.954 |         3.9757 |
+------------+-------------------+-------------------+----------------+-----------------+----------------+
Val Set	 mean acc: 59.26%
================ val_pre-hoc ================
Acc&GQA  FR  mIoP  TIoP@0.3  TIoP@0.5  mIoU  TIoU@0.3  TIoU@0.5  
13.9 	 23.5 	 23.1 	 29.4 	 22.4 	 13.9 	 20.3 	 10.4 	 
================ val_post-hoc ==================
Acc&GQA  FR  mIoP  TIoP@0.3  TIoP@0.5  mIoU  TIoU@0.3  TIoU@0.5  
15.5 	 26.2 	 25.3 	 30.2 	 25.1 	 12.0 	 17.5 	 8.6 	 
================== val_merge ===================
Acc&GQA  FR  mIoP  TIoP@0.3  TIoP@0.5  mIoU  TIoU@0.3  TIoU@0.5  
15.7 	 26.5 	 25.2 	 29.6 	 25.2 	 10.6 	 14.9 	 7.0 	 
Test Set	 mean acc: 59.07%
============== test_pre-hoc ================
Acc&GQA  FR  mIoP  TIoP@0.3  TIoP@0.5  mIoU  TIoU@0.3  TIoU@0.5  
15.1 	 25.5 	 25.0 	 31.6 	 24.6 	 14.9 	 22.1 	 11.1 	 
================ test_post-hoc ================
Acc&GQA  FR  mIoP  TIoP@0.3  TIoP@0.5  mIoU  TIoU@0.3  TIoU@0.5  
16.2 	 27.5 	 27.0 	 31.6 	 26.7 	 12.6 	 18.7 	 8.6 	 
================= test_merge ==================
Acc&GQA  FR  mIoP  TIoP@0.3  TIoP@0.5  mIoU  TIoU@0.3  TIoU@0.5  
16.4 	 27.8 	 26.9 	 30.9 	 27.2 	 11.2 	 16.5 	 7.1 	 
#################### Epoch 6/30 ... ####################

+------------+-------------------+-------------------+----------------+-----------------+----------------+
|   mean acc |   mean total_loss |   mean align_loss |   mean vq_loss |   mean vqa_loss |   mean ag_loss |
+============+===================+===================+================+=================+================+
|     0.7638 |              2.52 |                 0 |         0.9186 |           0.896 |          3.708 |
+------------+-------------------+-------------------+----------------+-----------------+----------------+
Val Set	 mean acc: 59.80%
================ val_pre-hoc ================
Acc&GQA  FR  mIoP  TIoP@0.3  TIoP@0.5  mIoU  TIoU@0.3  TIoU@0.5  
14.1 	 23.6 	 23.5 	 30.0 	 22.6 	 13.9 	 20.3 	 10.0 	 
================ val_post-hoc ==================
Acc&GQA  FR  mIoP  TIoP@0.3  TIoP@0.5  mIoU  TIoU@0.3  TIoU@0.5  
15.8 	 26.4 	 25.6 	 30.4 	 25.0 	 12.0 	 17.8 	 8.2 	 
================== val_merge ===================
Acc&GQA  FR  mIoP  TIoP@0.3  TIoP@0.5  mIoU  TIoU@0.3  TIoU@0.5  
16.2 	 27.0 	 25.5 	 30.0 	 25.6 	 10.7 	 15.3 	 6.9 	 
Test Set	 mean acc: 59.77%
============== test_pre-hoc ================
Acc&GQA  FR  mIoP  TIoP@0.3  TIoP@0.5  mIoU  TIoU@0.3  TIoU@0.5  
15.5 	 26.0 	 25.4 	 31.8 	 25.0 	 15.1 	 22.5 	 11.2 	 
================ test_post-hoc ================
Acc&GQA  FR  mIoP  TIoP@0.3  TIoP@0.5  mIoU  TIoU@0.3  TIoU@0.5  
16.7 	 27.9 	 27.2 	 32.2 	 26.9 	 13.2 	 20.0 	 9.2 	 
================= test_merge ==================
Acc&GQA  FR  mIoP  TIoP@0.3  TIoP@0.5  mIoU  TIoU@0.3  TIoU@0.5  
16.9 	 28.3 	 27.2 	 31.0 	 27.4 	 11.6 	 16.9 	 7.6 	 
#################### Epoch 7/30 ... ####################

+------------+-------------------+-------------------+----------------+-----------------+----------------+
|   mean acc |   mean total_loss |   mean align_loss |   mean vq_loss |   mean vqa_loss |   mean ag_loss |
+============+===================+===================+================+=================+================+
|     0.7816 |             2.375 |                 0 |         0.8882 |          0.8479 |         3.4953 |
+------------+-------------------+-------------------+----------------+-----------------+----------------+
Val Set	 mean acc: 60.10%
================ val_pre-hoc ================
Acc&GQA  FR  mIoP  TIoP@0.3  TIoP@0.5  mIoU  TIoU@0.3  TIoU@0.5  
14.9 	 24.7 	 24.3 	 31.4 	 23.7 	 14.3 	 20.9 	 10.0 	 
================ val_post-hoc ==================
Acc&GQA  FR  mIoP  TIoP@0.3  TIoP@0.5  mIoU  TIoU@0.3  TIoU@0.5  
16.2 	 27.0 	 26.6 	 31.8 	 25.8 	 12.8 	 18.4 	 8.4 	 
================== val_merge ===================
Acc&GQA  FR  mIoP  TIoP@0.3  TIoP@0.5  mIoU  TIoU@0.3  TIoU@0.5  
16.9 	 28.1 	 26.6 	 31.2 	 26.7 	 11.2 	 16.1 	 7.4 	 
Test Set	 mean acc: 59.88%
============== test_pre-hoc ================
Acc&GQA  FR  mIoP  TIoP@0.3  TIoP@0.5  mIoU  TIoU@0.3  TIoU@0.5  
15.7 	 26.2 	 25.3 	 31.9 	 25.2 	 14.9 	 22.0 	 10.9 	 
================ test_post-hoc ================
Acc&GQA  FR  mIoP  TIoP@0.3  TIoP@0.5  mIoU  TIoU@0.3  TIoU@0.5  
16.8 	 28.1 	 27.4 	 32.5 	 27.1 	 13.8 	 20.1 	 10.6 	 
================= test_merge ==================
Acc&GQA  FR  mIoP  TIoP@0.3  TIoP@0.5  mIoU  TIoU@0.3  TIoU@0.5  
17.2 	 28.8 	 27.5 	 31.8 	 27.8 	 11.8 	 17.1 	 8.1 	 
#################### Epoch 8/30 ... ####################

+------------+-------------------+-------------------+----------------+-----------------+----------------+
|   mean acc |   mean total_loss |   mean align_loss |   mean vq_loss |   mean vqa_loss |   mean ag_loss |
+============+===================+===================+================+=================+================+
|     0.7966 |            2.2692 |                 0 |         0.8636 |          0.8067 |         3.3234 |
+------------+-------------------+-------------------+----------------+-----------------+----------------+
Val Set	 mean acc: 60.24%
================ val_pre-hoc ================
Acc&GQA  FR  mIoP  TIoP@0.3  TIoP@0.5  mIoU  TIoU@0.3  TIoU@0.5  
14.8 	 24.6 	 24.6 	 31.6 	 23.8 	 14.4 	 21.2 	 10.2 	 
================ val_post-hoc ==================
Acc&GQA  FR  mIoP  TIoP@0.3  TIoP@0.5  mIoU  TIoU@0.3  TIoU@0.5  
16.3 	 27.1 	 26.7 	 32.1 	 25.9 	 12.7 	 18.0 	 8.1 	 
================== val_merge ===================
Acc&GQA  FR  mIoP  TIoP@0.3  TIoP@0.5  mIoU  TIoU@0.3  TIoU@0.5  
16.9 	 28.1 	 26.7 	 31.4 	 27.0 	 11.3 	 16.1 	 7.4 	 
Test Set	 mean acc: 60.04%
============== test_pre-hoc ================
Acc&GQA  FR  mIoP  TIoP@0.3  TIoP@0.5  mIoU  TIoU@0.3  TIoU@0.5  
15.8 	 26.3 	 25.3 	 32.0 	 25.2 	 14.8 	 21.9 	 10.8 	 
================ test_post-hoc ================
Acc&GQA  FR  mIoP  TIoP@0.3  TIoP@0.5  mIoU  TIoU@0.3  TIoU@0.5  
17.3 	 28.9 	 27.6 	 32.5 	 27.5 	 13.8 	 20.2 	 10.6 	 
================= test_merge ==================
Acc&GQA  FR  mIoP  TIoP@0.3  TIoP@0.5  mIoU  TIoU@0.3  TIoU@0.5  
17.5 	 29.2 	 27.6 	 31.7 	 27.9 	 11.7 	 16.7 	 8.1 	 
#################### Epoch 9/30 ... ####################

+------------+-------------------+-------------------+----------------+-----------------+----------------+
|   mean acc |   mean total_loss |   mean align_loss |   mean vq_loss |   mean vqa_loss |   mean ag_loss |
+============+===================+===================+================+=================+================+
|      0.814 |            2.1707 |                 0 |         0.8431 |          0.7702 |         3.1793 |
+------------+-------------------+-------------------+----------------+-----------------+----------------+
Val Set	 mean acc: 60.78%
================ val_pre-hoc ================
Acc&GQA  FR  mIoP  TIoP@0.3  TIoP@0.5  mIoU  TIoU@0.3  TIoU@0.5  
15.1 	 24.8 	 24.5 	 31.4 	 23.8 	 14.3 	 20.8 	 10.3 	 
================ val_post-hoc ==================
Acc&GQA  FR  mIoP  TIoP@0.3  TIoP@0.5  mIoU  TIoU@0.3  TIoU@0.5  
16.4 	 27.0 	 26.4 	 31.5 	 25.6 	 12.6 	 17.8 	 8.5 	 
================== val_merge ===================
Acc&GQA  FR  mIoP  TIoP@0.3  TIoP@0.5  mIoU  TIoU@0.3  TIoU@0.5  
17.0 	 28.0 	 26.4 	 31.1 	 26.6 	 11.1 	 15.7 	 7.2 	 
Test Set	 mean acc: 60.90%
============== test_pre-hoc ================
Acc&GQA  FR  mIoP  TIoP@0.3  TIoP@0.5  mIoU  TIoU@0.3  TIoU@0.5  
16.3 	 26.7 	 25.8 	 32.7 	 25.5 	 15.1 	 22.5 	 11.0 	 
================ test_post-hoc ================
Acc&GQA  FR  mIoP  TIoP@0.3  TIoP@0.5  mIoU  TIoU@0.3  TIoU@0.5  
17.8 	 29.3 	 28.0 	 33.0 	 27.9 	 13.8 	 20.0 	 10.1 	 
================= test_merge ==================
Acc&GQA  FR  mIoP  TIoP@0.3  TIoP@0.5  mIoU  TIoU@0.3  TIoU@0.5  
18.0 	 29.5 	 27.9 	 32.3 	 28.1 	 11.9 	 16.9 	 7.9 	 
#################### Epoch 10/30 ... ####################

+------------+-------------------+-------------------+----------------+-----------------+----------------+
|   mean acc |   mean total_loss |   mean align_loss |   mean vq_loss |   mean vqa_loss |   mean ag_loss |
+============+===================+===================+================+=================+================+
|     0.8299 |            2.0694 |                 0 |         0.8251 |          0.7368 |         3.0554 |
+------------+-------------------+-------------------+----------------+-----------------+----------------+
Val Set	 mean acc: 60.66%
================ val_pre-hoc ================
Acc&GQA  FR  mIoP  TIoP@0.3  TIoP@0.5  mIoU  TIoU@0.3  TIoU@0.5  
15.1 	 24.9 	 24.7 	 31.8 	 24.1 	 14.4 	 20.8 	 10.3 	 
================ val_post-hoc ==================
Acc&GQA  FR  mIoP  TIoP@0.3  TIoP@0.5  mIoU  TIoU@0.3  TIoU@0.5  
16.5 	 27.1 	 26.7 	 31.9 	 25.9 	 12.7 	 18.0 	 8.3 	 
================== val_merge ===================
Acc&GQA  FR  mIoP  TIoP@0.3  TIoP@0.5  mIoU  TIoU@0.3  TIoU@0.5  
17.1 	 28.2 	 26.8 	 31.7 	 27.0 	 11.2 	 16.0 	 7.2 	 
Test Set	 mean acc: 61.21%
============== test_pre-hoc ================
Acc&GQA  FR  mIoP  TIoP@0.3  TIoP@0.5  mIoU  TIoU@0.3  TIoU@0.5  
16.3 	 26.7 	 26.1 	 33.0 	 25.8 	 15.3 	 22.7 	 11.0 	 
================ test_post-hoc ================
Acc&GQA  FR  mIoP  TIoP@0.3  TIoP@0.5  mIoU  TIoU@0.3  TIoU@0.5  
17.8 	 29.0 	 28.2 	 33.4 	 28.1 	 14.1 	 20.9 	 10.5 	 
================= test_merge ==================
Acc&GQA  FR  mIoP  TIoP@0.3  TIoP@0.5  mIoU  TIoU@0.3  TIoU@0.5  
18.0 	 29.4 	 28.3 	 32.8 	 28.5 	 12.2 	 17.7 	 8.1 	 
#################### Epoch 11/30 ... ####################

+------------+-------------------+-------------------+----------------+-----------------+----------------+
|   mean acc |   mean total_loss |   mean align_loss |   mean vq_loss |   mean vqa_loss |   mean ag_loss |
+============+===================+===================+================+=================+================+
|     0.8399 |            2.0006 |                 0 |         0.8102 |           0.707 |         2.9469 |
+------------+-------------------+-------------------+----------------+-----------------+----------------+
Val Set	 mean acc: 60.04%
================ val_pre-hoc ================
Acc&GQA  FR  mIoP  TIoP@0.3  TIoP@0.5  mIoU  TIoU@0.3  TIoU@0.5  
14.6 	 24.3 	 24.1 	 30.8 	 23.3 	 14.2 	 20.4 	 10.2 	 
================ val_post-hoc ==================
Acc&GQA  FR  mIoP  TIoP@0.3  TIoP@0.5  mIoU  TIoU@0.3  TIoU@0.5  
15.8 	 26.3 	 26.3 	 31.5 	 25.3 	 12.7 	 18.1 	 8.1 	 
================== val_merge ===================
Acc&GQA  FR  mIoP  TIoP@0.3  TIoP@0.5  mIoU  TIoU@0.3  TIoU@0.5  
16.5 	 27.5 	 26.1 	 30.8 	 26.2 	 11.2 	 15.9 	 7.2 	 
Test Set	 mean acc: 60.65%
============== test_pre-hoc ================
Acc&GQA  FR  mIoP  TIoP@0.3  TIoP@0.5  mIoU  TIoU@0.3  TIoU@0.5  
15.8 	 26.0 	 25.9 	 32.8 	 25.5 	 15.1 	 22.4 	 10.9 	 
================ test_post-hoc ================
Acc&GQA  FR  mIoP  TIoP@0.3  TIoP@0.5  mIoU  TIoU@0.3  TIoU@0.5  
17.5 	 28.8 	 28.3 	 33.5 	 28.3 	 13.9 	 20.5 	 10.4 	 
================= test_merge ==================
Acc&GQA  FR  mIoP  TIoP@0.3  TIoP@0.5  mIoU  TIoU@0.3  TIoU@0.5  
17.4 	 28.7 	 28.0 	 32.3 	 28.2 	 11.9 	 17.1 	 8.1 	 
#################### Epoch 12/30 ... ####################

+------------+-------------------+-------------------+----------------+-----------------+----------------+
|   mean acc |   mean total_loss |   mean align_loss |   mean vq_loss |   mean vqa_loss |   mean ag_loss |
+============+===================+===================+================+=================+================+
|     0.8561 |            1.9214 |                 0 |         0.7965 |          0.6792 |         2.8516 |
+------------+-------------------+-------------------+----------------+-----------------+----------------+
Val Set	 mean acc: 60.07%
================ val_pre-hoc ================
Acc&GQA  FR  mIoP  TIoP@0.3  TIoP@0.5  mIoU  TIoU@0.3  TIoU@0.5  
14.9 	 24.9 	 24.6 	 31.6 	 23.9 	 14.2 	 20.4 	 10.0 	 
================ val_post-hoc ==================
Acc&GQA  FR  mIoP  TIoP@0.3  TIoP@0.5  mIoU  TIoU@0.3  TIoU@0.5  
16.2 	 26.9 	 26.5 	 32.1 	 25.8 	 12.8 	 18.2 	 8.2 	 
================== val_merge ===================
Acc&GQA  FR  mIoP  TIoP@0.3  TIoP@0.5  mIoU  TIoU@0.3  TIoU@0.5  
16.8 	 28.0 	 26.5 	 31.6 	 26.7 	 11.1 	 15.9 	 6.7 	 
Test Set	 mean acc: 61.19%
============== test_pre-hoc ================
Acc&GQA  FR  mIoP  TIoP@0.3  TIoP@0.5  mIoU  TIoU@0.3  TIoU@0.5  
16.6 	 27.1 	 26.3 	 33.2 	 26.0 	 15.3 	 22.8 	 11.1 	 
================ test_post-hoc ================
Acc&GQA  FR  mIoP  TIoP@0.3  TIoP@0.5  mIoU  TIoU@0.3  TIoU@0.5  
18.1 	 29.6 	 28.5 	 33.6 	 28.3 	 14.0 	 20.6 	 10.5 	 
================= test_merge ==================
Acc&GQA  FR  mIoP  TIoP@0.3  TIoP@0.5  mIoU  TIoU@0.3  TIoU@0.5  
18.3 	 29.8 	 28.5 	 32.8 	 28.8 	 12.1 	 17.6 	 8.2 	 
#################### Epoch 13/30 ... ####################

+------------+-------------------+-------------------+----------------+-----------------+----------------+
|   mean acc |   mean total_loss |   mean align_loss |   mean vq_loss |   mean vqa_loss |   mean ag_loss |
+============+===================+===================+================+=================+================+
|     0.8639 |            1.8539 |                 0 |         0.7835 |          0.6539 |          2.767 |
+------------+-------------------+-------------------+----------------+-----------------+----------------+
Val Set	 mean acc: 59.71%
================ val_pre-hoc ================
Acc&GQA  FR  mIoP  TIoP@0.3  TIoP@0.5  mIoU  TIoU@0.3  TIoU@0.5  
14.4 	 24.0 	 24.5 	 31.5 	 23.6 	 14.2 	 20.4 	 9.9 	 
================ val_post-hoc ==================
Acc&GQA  FR  mIoP  TIoP@0.3  TIoP@0.5  mIoU  TIoU@0.3  TIoU@0.5  
15.8 	 26.5 	 26.4 	 31.9 	 25.8 	 12.8 	 18.0 	 8.0 	 
================== val_merge ===================
Acc&GQA  FR  mIoP  TIoP@0.3  TIoP@0.5  mIoU  TIoU@0.3  TIoU@0.5  
16.2 	 27.2 	 26.4 	 31.5 	 26.5 	 11.1 	 15.7 	 6.7 	 
Test Set	 mean acc: 60.65%
============== test_pre-hoc ================
Acc&GQA  FR  mIoP  TIoP@0.3  TIoP@0.5  mIoU  TIoU@0.3  TIoU@0.5  
16.3 	 26.9 	 26.2 	 33.1 	 26.0 	 15.3 	 22.7 	 11.0 	 
================ test_post-hoc ================
Acc&GQA  FR  mIoP  TIoP@0.3  TIoP@0.5  mIoU  TIoU@0.3  TIoU@0.5  
17.7 	 29.2 	 28.4 	 33.6 	 28.2 	 14.1 	 20.5 	 10.5 	 
================= test_merge ==================
Acc&GQA  FR  mIoP  TIoP@0.3  TIoP@0.5  mIoU  TIoU@0.3  TIoU@0.5  
18.0 	 29.6 	 28.4 	 32.6 	 28.7 	 12.1 	 17.6 	 8.3 	 
#################### Epoch 14/30 ... ####################
